  AmmoManager.cpp
  CameraManager.cpp
  CollisionManager.cpp
  Ent.cpp
  EntAmmo.cpp
  GameObject.cpp
  Image.cpp
  ImageManager.cpp
  InputManager.cpp
C:\Users\LEE\Desktop\ANGVIK\ANGVIK\InputManager.cpp(16,12): warning C4267: '인수': 'size_t'에서 'int'(으)로 변환하면서 데이터가 손실될 수 있습니다.
  Inventory.cpp
  ItemManager.cpp
  Kong.cpp
  KongAmmo.cpp
  MainGame.cpp
  MapColliderManager.cpp
  Monkey.cpp
  MonsterManager.cpp
  Observer.cpp
  ParticleManager.cpp
  Platform.cpp
  코드를 생성하고 있습니다...
  컴파일하고 있습니다...
  Player.cpp
  SceneManager.cpp
  StageScene.cpp
  Subject.cpp
  TestItem.cpp
  Timer.cpp
  TimerManager.cpp
  TitleScene.cpp
  Trap.cpp
  TrapManager.cpp
  main.cpp
  playerWeapon.cpp
  코드를 생성하고 있습니다...
  ANGVIK.vcxproj -> C:\Users\LEE\Desktop\ANGVIK\ANGVIK\x64\Debug\ANGVIK.exe
